2020-12-04 08:37:48.975  INFO 9432 --- [main] cn.stylefeng.guns.GunsApplication        : Starting GunsApplication on MS-OYADLGCFOJWG with PID 9432 (E:\svn\data\server-master\guns-vip-main\target\classes started by Administrator in E:\svn\data\server-master)
2020-12-04 08:37:48.981  INFO 9432 --- [main] cn.stylefeng.guns.GunsApplication        : The following profiles are active: dev
2020-12-04 08:37:58.174  INFO 9432 --- [main] trationDelegate$BeanPostProcessorChecker : Bean 'webConfig' of type [cn.stylefeng.guns.config.web.WebConfig$$EnhancerBySpringCGLIB$$328df0e8] is not eligible for getting processed by all BeanPostProcessors (for example: not eligible for auto-proxying)
2020-12-04 08:37:58.305  INFO 9432 --- [main] trationDelegate$BeanPostProcessorChecker : Bean 'druidStatPointcut' of type [org.springframework.aop.support.JdkRegexpMethodPointcut] is not eligible for getting processed by all BeanPostProcessors (for example: not eligible for auto-proxying)
2020-12-04 08:37:58.326  INFO 9432 --- [main] trationDelegate$BeanPostProcessorChecker : Bean 'druidStatInterceptor' of type [com.alibaba.druid.support.spring.stat.DruidStatInterceptor] is not eligible for getting processed by all BeanPostProcessors (for example: not eligible for auto-proxying)
2020-12-04 08:37:58.327  INFO 9432 --- [main] trationDelegate$BeanPostProcessorChecker : Bean 'druidStatAdvisor' of type [org.springframework.aop.support.DefaultPointcutAdvisor] is not eligible for getting processed by all BeanPostProcessors (for example: not eligible for auto-proxying)
2020-12-04 08:37:58.481  INFO 9432 --- [main] trationDelegate$BeanPostProcessorChecker : Bean 'org.springframework.transaction.annotation.ProxyTransactionManagementConfiguration' of type [org.springframework.transaction.annotation.ProxyTransactionManagementConfiguration$$EnhancerBySpringCGLIB$$c7f04e40] is not eligible for getting processed by all BeanPostProcessors (for example: not eligible for auto-proxying)
2020-12-04 08:37:58.743  INFO 9432 --- [main] trationDelegate$BeanPostProcessorChecker : Bean 'org.springframework.security.config.annotation.configuration.ObjectPostProcessorConfiguration' of type [org.springframework.security.config.annotation.configuration.ObjectPostProcessorConfiguration$$EnhancerBySpringCGLIB$$609e167a] is not eligible for getting processed by all BeanPostProcessors (for example: not eligible for auto-proxying)
2020-12-04 08:37:58.750  INFO 9432 --- [main] trationDelegate$BeanPostProcessorChecker : Bean 'objectPostProcessor' of type [org.springframework.security.config.annotation.configuration.AutowireBeanFactoryObjectPostProcessor] is not eligible for getting processed by all BeanPostProcessors (for example: not eligible for auto-proxying)
2020-12-04 08:37:58.754  INFO 9432 --- [main] trationDelegate$BeanPostProcessorChecker : Bean 'org.springframework.security.access.expression.method.DefaultMethodSecurityExpressionHandler@197ce367' of type [org.springframework.security.access.expression.method.DefaultMethodSecurityExpressionHandler] is not eligible for getting processed by all BeanPostProcessors (for example: not eligible for auto-proxying)
2020-12-04 08:37:58.758  INFO 9432 --- [main] trationDelegate$BeanPostProcessorChecker : Bean 'org.springframework.security.config.annotation.method.configuration.GlobalMethodSecurityConfiguration' of type [org.springframework.security.config.annotation.method.configuration.GlobalMethodSecurityConfiguration$$EnhancerBySpringCGLIB$$8572b92c] is not eligible for getting processed by all BeanPostProcessors (for example: not eligible for auto-proxying)
2020-12-04 08:37:58.766  INFO 9432 --- [main] trationDelegate$BeanPostProcessorChecker : Bean 'methodSecurityMetadataSource' of type [org.springframework.security.access.method.DelegatingMethodSecurityMetadataSource] is not eligible for getting processed by all BeanPostProcessors (for example: not eligible for auto-proxying)
2020-12-04 08:37:59.284  INFO 9432 --- [main] o.s.b.w.embedded.tomcat.TomcatWebServer  : Tomcat initialized with port(s): 8888 (http)
2020-12-04 08:37:59.316  INFO 9432 --- [main] o.apache.catalina.core.StandardService   : Starting service [Tomcat]
2020-12-04 08:37:59.316  INFO 9432 --- [main] org.apache.catalina.core.StandardEngine  : Starting Servlet engine: [Apache Tomcat/9.0.21]
2020-12-04 08:37:59.543  INFO 9432 --- [main] o.a.c.c.C.[Tomcat].[localhost].[/]       : Initializing Spring embedded WebApplicationContext
2020-12-04 08:37:59.544  INFO 9432 --- [main] o.s.web.context.ContextLoader            : Root WebApplicationContext: initialization completed in 9826 ms
2020-12-04 08:38:00.027  INFO 9432 --- [main] c.a.icatch.provider.imp.AssemblerImp     : Loaded jar:file:/E:/maven/MavenRepository/com/atomikos/transactions/4.0.6/transactions-4.0.6.jar!/transactions-defaults.properties
2020-12-04 08:38:00.031  WARN 9432 --- [main] c.a.icatch.provider.imp.AssemblerImp     : Thanks for using Atomikos! Evaluate http://www.atomikos.com/Main/ExtremeTransactions for advanced features and professional support
or register at http://www.atomikos.com/Main/RegisterYourDownload to disable this message and receive FREE tips & advice
2020-12-04 08:38:00.037  INFO 9432 --- [main] c.a.icatch.provider.imp.AssemblerImp     : USING: com.atomikos.icatch.default_max_wait_time_on_shutdown = 9223372036854775807
2020-12-04 08:38:00.037  INFO 9432 --- [main] c.a.icatch.provider.imp.AssemblerImp     : USING: com.atomikos.icatch.allow_subtransactions = true
2020-12-04 08:38:00.037  INFO 9432 --- [main] c.a.icatch.provider.imp.AssemblerImp     : USING: com.atomikos.icatch.recovery_delay = 10000
2020-12-04 08:38:00.038  INFO 9432 --- [main] c.a.icatch.provider.imp.AssemblerImp     : USING: com.atomikos.icatch.automatic_resource_registration = true
2020-12-04 08:38:00.038  INFO 9432 --- [main] c.a.icatch.provider.imp.AssemblerImp     : USING: com.atomikos.icatch.oltp_max_retries = 5
2020-12-04 08:38:00.038  INFO 9432 --- [main] c.a.icatch.provider.imp.AssemblerImp     : USING: com.atomikos.icatch.client_demarcation = false
2020-12-04 08:38:00.038  INFO 9432 --- [main] c.a.icatch.provider.imp.AssemblerImp     : USING: com.atomikos.icatch.threaded_2pc = false
2020-12-04 08:38:00.038  INFO 9432 --- [main] c.a.icatch.provider.imp.AssemblerImp     : USING: com.atomikos.icatch.serial_jta_transactions = true
2020-12-04 08:38:00.038  INFO 9432 --- [main] c.a.icatch.provider.imp.AssemblerImp     : USING: com.atomikos.icatch.log_base_dir = E:\svn\data\server-master\transaction-logs
2020-12-04 08:38:00.038  INFO 9432 --- [main] c.a.icatch.provider.imp.AssemblerImp     : USING: com.atomikos.icatch.rmi_export_class = none
2020-12-04 08:38:00.038  INFO 9432 --- [main] c.a.icatch.provider.imp.AssemblerImp     : USING: com.atomikos.icatch.max_actives = -1
2020-12-04 08:38:00.038  INFO 9432 --- [main] c.a.icatch.provider.imp.AssemblerImp     : USING: com.atomikos.icatch.checkpoint_interval = 500
2020-12-04 08:38:00.038  INFO 9432 --- [main] c.a.icatch.provider.imp.AssemblerImp     : USING: com.atomikos.icatch.enable_logging = true
2020-12-04 08:38:00.038  INFO 9432 --- [main] c.a.icatch.provider.imp.AssemblerImp     : USING: com.atomikos.icatch.log_base_name = tmlog
2020-12-04 08:38:00.038  INFO 9432 --- [main] c.a.icatch.provider.imp.AssemblerImp     : USING: com.atomikos.icatch.max_timeout = 300000
2020-12-04 08:38:00.038  INFO 9432 --- [main] c.a.icatch.provider.imp.AssemblerImp     : USING: com.atomikos.icatch.trust_client_tm = false
2020-12-04 08:38:00.038  INFO 9432 --- [main] c.a.icatch.provider.imp.AssemblerImp     : USING: java.naming.factory.initial = com.sun.jndi.rmi.registry.RegistryContextFactory
2020-12-04 08:38:00.038  INFO 9432 --- [main] c.a.icatch.provider.imp.AssemblerImp     : USING: com.atomikos.icatch.tm_unique_name = 192.168.1.181.tm
2020-12-04 08:38:00.038  INFO 9432 --- [main] c.a.icatch.provider.imp.AssemblerImp     : USING: com.atomikos.icatch.forget_orphaned_log_entries_delay = 86400000
2020-12-04 08:38:00.038  INFO 9432 --- [main] c.a.icatch.provider.imp.AssemblerImp     : USING: com.atomikos.icatch.oltp_retry_interval = 10000
2020-12-04 08:38:00.038  INFO 9432 --- [main] c.a.icatch.provider.imp.AssemblerImp     : USING: java.naming.provider.url = rmi://localhost:1099
2020-12-04 08:38:00.038  INFO 9432 --- [main] c.a.icatch.provider.imp.AssemblerImp     : USING: com.atomikos.icatch.force_shutdown_on_vm_exit = false
2020-12-04 08:38:00.039  INFO 9432 --- [main] c.a.icatch.provider.imp.AssemblerImp     : USING: com.atomikos.icatch.default_jta_timeout = 10000
2020-12-04 08:38:00.040  INFO 9432 --- [main] c.a.icatch.provider.imp.AssemblerImp     : Using default (local) logging and recovery...
2020-12-04 08:38:00.249  INFO 9432 --- [main] com.alibaba.druid.pool.DruidDataSource   : {dataSource-1} inited
2020-12-04 08:38:00.257  INFO 9432 --- [main] c.a.d.xa.XATransactionalResource         : master: refreshed XAResource
2020-12-04 08:38:02.840  INFO 9432 --- [main] c.s.guns.base.db.dao.DataBaseInfoDao     : 删除master的databaseInfo信息！删除1条！
2020-12-04 08:38:02.891  INFO 9432 --- [main] c.s.guns.base.db.dao.DataBaseInfoDao     : 初始化master的databaseInfo信息！初始化1条！
2020-12-04 08:38:03.571  INFO 9432 --- [main] o.s.s.concurrent.ThreadPoolTaskExecutor  : Initializing ExecutorService 'applicationTaskExecutor'
2020-12-04 08:38:06.277  INFO 9432 --- [main] aultActiviti5CompatibilityHandlerFactory : Activiti 5 compatibility handler implementation not found or error during instantiation : org.activiti.compatibility.DefaultActiviti5CompatibilityHandler. Activiti 5 backwards compatibility disabled.
2020-12-04 08:38:06.513  INFO 9432 --- [main] o.a.engine.impl.ProcessEngineImpl        : ProcessEngine default created
2020-12-04 08:38:07.498  INFO 9432 --- [main] o.s.s.web.DefaultSecurityFilterChain     : Creating filter chain: Ant [pattern='/login', POST], []
2020-12-04 08:38:07.498  INFO 9432 --- [main] o.s.s.web.DefaultSecurityFilterChain     : Creating filter chain: Ant [pattern='/assets/**', GET], []
2020-12-04 08:38:07.498  INFO 9432 --- [main] o.s.s.web.DefaultSecurityFilterChain     : Creating filter chain: Ant [pattern='/favicon.ico', GET], []
2020-12-04 08:38:07.498  INFO 9432 --- [main] o.s.s.web.DefaultSecurityFilterChain     : Creating filter chain: Ant [pattern='/activiti-editor/**', GET], []
2020-12-04 08:38:07.498  INFO 9432 --- [main] o.s.s.web.DefaultSecurityFilterChain     : Creating filter chain: Ant [pattern='/accessFile/**', GET], []
2020-12-04 08:38:07.548  INFO 9432 --- [main] pertySourcedRequestMappingHandlerMapping : Mapped URL path [/v2/api-docs] onto method [public org.springframework.http.ResponseEntity<springfox.documentation.spring.web.json.Json> springfox.documentation.swagger2.web.Swagger2Controller.getDocumentation(java.lang.String,javax.servlet.http.HttpServletRequest)]
2020-12-04 08:38:07.630  INFO 9432 --- [main] o.s.s.web.DefaultSecurityFilterChain     : Creating filter chain: any request, [org.springframework.security.web.context.request.async.WebAsyncManagerIntegrationFilter@578ac0be, org.springframework.security.web.context.SecurityContextPersistenceFilter@2c56e044, org.springframework.security.web.header.HeaderWriterFilter@6eaf6ced, org.springframework.web.filter.CorsFilter@4250b0c1, cn.stylefeng.guns.sys.core.auth.filter.JwtAuthorizationTokenFilter@6f24ce45, org.springframework.security.web.savedrequest.RequestCacheAwareFilter@153cf928, org.springframework.security.web.servletapi.SecurityContextHolderAwareRequestFilter@3b2114ce, org.springframework.security.web.authentication.AnonymousAuthenticationFilter@7b5e5fa, org.springframework.security.web.session.SessionManagementFilter@53b579d2, org.springframework.security.web.access.ExceptionTranslationFilter@3b0d9da, org.springframework.security.web.access.intercept.FilterSecurityInterceptor@19bad88]
2020-12-04 08:38:08.321  INFO 9432 --- [main] org.quartz.impl.StdSchedulerFactory      : Using default implementation for ThreadExecutor
2020-12-04 08:38:08.336  INFO 9432 --- [main] org.quartz.core.SchedulerSignalerImpl    : Initialized Scheduler Signaller of type: class org.quartz.core.SchedulerSignalerImpl
2020-12-04 08:38:08.337  INFO 9432 --- [main] org.quartz.core.QuartzScheduler          : Quartz Scheduler v.2.3.1 created.
2020-12-04 08:38:08.338  INFO 9432 --- [main] org.quartz.simpl.RAMJobStore             : RAMJobStore initialized.
2020-12-04 08:38:08.339  INFO 9432 --- [main] org.quartz.core.QuartzScheduler          : Scheduler meta-data: Quartz Scheduler (v2.3.1) 'quartzScheduler' with instanceId 'NON_CLUSTERED'
  Scheduler class: 'org.quartz.core.QuartzScheduler' - running locally.
  NOT STARTED.
  Currently in standby mode.
  Number of jobs executed: 0
  Using thread pool 'org.quartz.simpl.SimpleThreadPool' - with 10 threads.
  Using job-store 'org.quartz.simpl.RAMJobStore' - which does not support persistence. and is not clustered.

2020-12-04 08:38:08.339  INFO 9432 --- [main] org.quartz.impl.StdSchedulerFactory      : Quartz scheduler 'quartzScheduler' initialized from an externally provided properties instance.
2020-12-04 08:38:08.339  INFO 9432 --- [main] org.quartz.impl.StdSchedulerFactory      : Quartz scheduler version: 2.3.1
2020-12-04 08:38:08.339  INFO 9432 --- [main] org.quartz.core.QuartzScheduler          : JobFactory set to: org.springframework.scheduling.quartz.SpringBeanJobFactory@54626326
2020-12-04 08:38:08.429  INFO 9432 --- [main] d.s.w.p.DocumentationPluginsBootstrapper : Context refreshed
2020-12-04 08:38:08.462  INFO 9432 --- [main] d.s.w.p.DocumentationPluginsBootstrapper : Found 1 custom documentation plugin(s)
2020-12-04 08:38:08.532  INFO 9432 --- [main] s.d.s.w.s.ApiListingReferenceScanner     : Scanning for api listing references
2020-12-04 08:38:08.730  INFO 9432 --- [main] .d.s.w.r.o.CachingOperationNameGenerator : Generating unique operation named: listUsingPOST_1
2020-12-04 08:38:08.762  INFO 9432 --- [main] o.s.s.quartz.SchedulerFactoryBean        : Starting Quartz Scheduler now
2020-12-04 08:38:08.762  INFO 9432 --- [main] org.quartz.core.QuartzScheduler          : Scheduler quartzScheduler_$_NON_CLUSTERED started.
2020-12-04 08:38:08.815  INFO 9432 --- [main] o.s.b.w.embedded.tomcat.TomcatWebServer  : Tomcat started on port(s): 8888 (http) with context path ''
2020-12-04 08:38:08.820  INFO 9432 --- [main] cn.stylefeng.guns.GunsApplication        : Started GunsApplication in 21.86 seconds (JVM running for 26.468)
2020-12-04 08:38:08.927  INFO 9432 --- [main] c.s.g.s.m.consts.init.SysConfigInit      : 初始化常量17条！
2020-12-04 08:38:08.995  INFO 9432 --- [main] c.s.guns.base.i18n.init.TranslationInit  : 初始化所有的翻译字典457条！
2020-12-04 08:38:08.997  INFO 9432 --- [main] cn.stylefeng.guns.GunsApplication        : GunsApplication is success!
2020-12-04 08:38:42.346  INFO 9432 --- [http-nio-8888-exec-2] o.a.c.c.C.[Tomcat].[localhost].[/]       : Initializing Spring DispatcherServlet 'dispatcherServlet'
2020-12-04 08:38:42.346  INFO 9432 --- [http-nio-8888-exec-2] o.s.web.servlet.DispatcherServlet        : Initializing Servlet 'dispatcherServlet'
2020-12-04 08:38:42.360  INFO 9432 --- [http-nio-8888-exec-2] o.s.web.servlet.DispatcherServlet        : Completed initialization in 14 ms
2020-12-04 08:38:42.389 ERROR 9432 --- [http-nio-8888-exec-2] c.s.guns.base.consts.ConstantsContext    : jwt密钥存在空值！常量名称：GUNS_JWT_SECRET，采用默认值：随机字符串->h6jwes2up7guj3du5tyucumaju4a64ia，若想忽略此提示，请在开发管理->系统配置->参数配置，设置相关参数！
2020-12-04 08:38:42.740  INFO 9432 --- [http-nio-8888-exec-2] c.s.g.s.m.r.c.RestLoginController        : 接收密码参数: 111111
2020-12-04 08:38:42.758  INFO 9432 --- [http-nio-8888-exec-2] c.s.guns.sys.core.auth.AuthServiceImpl   : 加密之后的密码: 17db03c22596b7609c7c9704f16663e0
2020-12-04 08:38:42.758  INFO 9432 --- [http-nio-8888-exec-2] c.s.guns.sys.core.auth.AuthServiceImpl   : 数据库存储密码：17db03c22596b7609c7c9704f16663e0
2020-12-04 08:38:42.759  INFO 9432 --- [http-nio-8888-exec-2] c.s.guns.sys.core.auth.AuthServiceImpl   : 登陆的的用户: admin
2020-12-04 08:38:42.759  INFO 9432 --- [http-nio-8888-exec-2] c.s.guns.sys.core.auth.AuthServiceImpl   : AAA: admin
2020-12-04 08:38:42.790  INFO 9432 --- [http-nio-8888-exec-2] c.s.guns.sys.core.auth.AuthServiceImpl   : token: eyJhbGciOiJIUzUxMiJ9.eyJzdWIiOiIxIiwiZXhwIjoxNjA3NjQ3MTIyLCJ1c2VySWQiOjEsImlhdCI6MTYwNzA0MjMyMiwiYWNjb3VudCI6ImFkbWluICIsInVzZXJLZXkiOiJ4eHh4In0.Ggp2BN1ZZuhPP2YiXQw-KQ-kMg_2ui7bgS4xO1XdnWfLxQPqsuVsHj489ORDzwGP69xpzz7TNtZdFX-BQMyWqg
2020-12-04 11:00:15.798  INFO 9432 --- [http-nio-8888-exec-9] c.s.guns.sys.core.auth.AuthServiceImpl   : 加密之后的密码: 17db03c22596b7609c7c9704f16663e0
2020-12-04 11:00:15.798  INFO 9432 --- [http-nio-8888-exec-9] c.s.guns.sys.core.auth.AuthServiceImpl   : 数据库存储密码：17db03c22596b7609c7c9704f16663e0
2020-12-04 11:00:15.798  INFO 9432 --- [http-nio-8888-exec-9] c.s.guns.sys.core.auth.AuthServiceImpl   : 登陆的的用户: admin
2020-12-04 11:00:15.798  INFO 9432 --- [http-nio-8888-exec-9] c.s.guns.sys.core.auth.AuthServiceImpl   : AAA: admin
2020-12-04 11:00:15.799  INFO 9432 --- [http-nio-8888-exec-9] c.s.guns.sys.core.auth.AuthServiceImpl   : token: eyJhbGciOiJIUzUxMiJ9.eyJzdWIiOiIxIiwiZXhwIjoxNjA3NjU1NjE1LCJ1c2VySWQiOjEsImlhdCI6MTYwNzA1MDgxNSwiYWNjb3VudCI6ImFkbWluICIsInVzZXJLZXkiOiJ4eHh4In0.G7OraYej9xahKAxk1AiMi4DXh0QIGahwI4BlJW11ekTLFfb1NNHNLTfwOx8mVzjI5eNvuF2ZiYX1QHv85kbQIA
2020-12-04 11:01:28.806  INFO 9432 --- [http-nio-8888-exec-3] c.s.guns.sys.core.auth.AuthServiceImpl   : 加密之后的密码: 84865b50b25af61112b5e1c72ff5e54a
2020-12-04 11:01:28.806  INFO 9432 --- [http-nio-8888-exec-3] c.s.guns.sys.core.auth.AuthServiceImpl   : 数据库存储密码：84865b50b25af61112b5e1c72ff5e54a
2020-12-04 11:01:28.806  INFO 9432 --- [http-nio-8888-exec-3] c.s.guns.sys.core.auth.AuthServiceImpl   : 登陆的的用户: 亭湖区管理员
2020-12-04 11:01:28.806  INFO 9432 --- [http-nio-8888-exec-3] c.s.guns.sys.core.auth.AuthServiceImpl   : AAA: 亭湖区管理员
2020-12-04 11:01:28.807  INFO 9432 --- [http-nio-8888-exec-3] c.s.guns.sys.core.auth.AuthServiceImpl   : token: eyJhbGciOiJIUzUxMiJ9.eyJzdWIiOiIxMzMxMTQ1MDI5ODMyNTk3NTA2IiwiZXhwIjoxNjA3NjU1Njg4LCJ1c2VySWQiOjEzMzExNDUwMjk4MzI1OTc1MDYsImlhdCI6MTYwNzA1MDg4OCwiYWNjb3VudCI6IuS6rea5luWMuueuoeeQhuWRmCIsInVzZXJLZXkiOiJ4eHh4In0.bcLK2IabaKjCBPtKnXpFDISfc-yk8OVkQuKCe5N__oom2QVYrnmwMYG-I12Z3oBQAbBdtuKPRbSbnC0Ll5LHDw
2020-12-04 11:01:40.351  INFO 9432 --- [http-nio-8888-exec-5] c.s.guns.sys.core.auth.AuthServiceImpl   : 加密之后的密码: 17db03c22596b7609c7c9704f16663e0
2020-12-04 11:01:40.351  INFO 9432 --- [http-nio-8888-exec-5] c.s.guns.sys.core.auth.AuthServiceImpl   : 数据库存储密码：17db03c22596b7609c7c9704f16663e0
2020-12-04 11:01:40.351  INFO 9432 --- [http-nio-8888-exec-5] c.s.guns.sys.core.auth.AuthServiceImpl   : 登陆的的用户: admin
2020-12-04 11:01:40.351  INFO 9432 --- [http-nio-8888-exec-5] c.s.guns.sys.core.auth.AuthServiceImpl   : AAA: admin
2020-12-04 11:01:40.352  INFO 9432 --- [http-nio-8888-exec-5] c.s.guns.sys.core.auth.AuthServiceImpl   : token: eyJhbGciOiJIUzUxMiJ9.eyJzdWIiOiIxIiwiZXhwIjoxNjA3NjU1NzAwLCJ1c2VySWQiOjEsImlhdCI6MTYwNzA1MDkwMCwiYWNjb3VudCI6ImFkbWluICIsInVzZXJLZXkiOiJ4eHh4In0.bwofBWauR3x6wfYIVagM4fJhZXKveKsOmkHw8oSJXFHiMKxo34PYiGujL0yCNbUMXyI9NPH_ZgLN3UqbH58xOw
2020-12-04 11:15:53.140  INFO 9432 --- [http-nio-8888-exec-3] c.s.g.s.m.r.c.RestLoginController        : 接收密码参数: admin
2020-12-04 11:15:53.148  INFO 9432 --- [http-nio-8888-exec-3] c.s.guns.sys.core.auth.AuthServiceImpl   : 加密之后的密码: 03911435427c5b3acfecd801f56aeae4
2020-12-04 11:15:53.148  INFO 9432 --- [http-nio-8888-exec-3] c.s.guns.sys.core.auth.AuthServiceImpl   : 数据库存储密码：17db03c22596b7609c7c9704f16663e0
2020-12-04 11:15:53.148  INFO 9432 --- [http-nio-8888-exec-3] c.s.guns.sys.core.auth.AuthServiceImpl   : 加密之后的密码requestMd5: 03911435427c5b3acfecd801f56aeae4    17db03c22596b7609c7c9704f16663e0
2020-12-04 11:15:59.008  INFO 9432 --- [http-nio-8888-exec-9] c.s.g.s.m.r.c.RestLoginController        : 接收密码参数: 123456
2020-12-04 11:15:59.029  INFO 9432 --- [http-nio-8888-exec-9] c.s.guns.sys.core.auth.AuthServiceImpl   : 加密之后的密码: 6f3b8ded65bd7a4db11625ac84e579bb
2020-12-04 11:15:59.030  INFO 9432 --- [http-nio-8888-exec-9] c.s.guns.sys.core.auth.AuthServiceImpl   : 数据库存储密码：17db03c22596b7609c7c9704f16663e0
2020-12-04 11:15:59.030  INFO 9432 --- [http-nio-8888-exec-9] c.s.guns.sys.core.auth.AuthServiceImpl   : 加密之后的密码requestMd5: 6f3b8ded65bd7a4db11625ac84e579bb    17db03c22596b7609c7c9704f16663e0
2020-12-04 11:16:51.497  INFO 9432 --- [http-nio-8888-exec-1] c.s.g.s.m.r.c.RestLoginController        : 接收密码参数: 111111
2020-12-04 11:16:51.502  INFO 9432 --- [http-nio-8888-exec-1] c.s.guns.sys.core.auth.AuthServiceImpl   : 加密之后的密码: 17db03c22596b7609c7c9704f16663e0
2020-12-04 11:16:51.502  INFO 9432 --- [http-nio-8888-exec-1] c.s.guns.sys.core.auth.AuthServiceImpl   : 数据库存储密码：17db03c22596b7609c7c9704f16663e0
2020-12-04 11:16:51.502  INFO 9432 --- [http-nio-8888-exec-1] c.s.guns.sys.core.auth.AuthServiceImpl   : 登陆的的用户: admin
2020-12-04 11:16:51.502  INFO 9432 --- [http-nio-8888-exec-1] c.s.guns.sys.core.auth.AuthServiceImpl   : AAA: admin
2020-12-04 11:16:51.503  INFO 9432 --- [http-nio-8888-exec-1] c.s.guns.sys.core.auth.AuthServiceImpl   : token: eyJhbGciOiJIUzUxMiJ9.eyJzdWIiOiIxIiwiZXhwIjoxNjA3NjU2NjExLCJ1c2VySWQiOjEsImlhdCI6MTYwNzA1MTgxMSwiYWNjb3VudCI6ImFkbWluICIsInVzZXJLZXkiOiJ4eHh4In0.tU2g30SCaw1Vx5byvAOGgznHe5U2rg9B0d8x37rxVcaLm6VpveUIlvf_qj9XuQgOB2Q0ejl-TTQYo97KXcRd1A
2020-12-04 11:17:00.933  INFO 9432 --- [http-nio-8888-exec-2] c.s.g.s.m.r.c.RestLoginController        : 接收密码参数: 111111
2020-12-04 11:17:00.937  INFO 9432 --- [http-nio-8888-exec-2] c.s.guns.sys.core.auth.AuthServiceImpl   : 加密之后的密码: 17db03c22596b7609c7c9704f16663e0
2020-12-04 11:17:00.937  INFO 9432 --- [http-nio-8888-exec-2] c.s.guns.sys.core.auth.AuthServiceImpl   : 数据库存储密码：17db03c22596b7609c7c9704f16663e0
2020-12-04 11:17:00.937  INFO 9432 --- [http-nio-8888-exec-2] c.s.guns.sys.core.auth.AuthServiceImpl   : 登陆的的用户: admin
2020-12-04 11:17:00.937  INFO 9432 --- [http-nio-8888-exec-2] c.s.guns.sys.core.auth.AuthServiceImpl   : AAA: admin
2020-12-04 11:17:00.938  INFO 9432 --- [http-nio-8888-exec-2] c.s.guns.sys.core.auth.AuthServiceImpl   : token: eyJhbGciOiJIUzUxMiJ9.eyJzdWIiOiIxIiwiZXhwIjoxNjA3NjU2NjIwLCJ1c2VySWQiOjEsImlhdCI6MTYwNzA1MTgyMCwiYWNjb3VudCI6ImFkbWluICIsInVzZXJLZXkiOiJ4eHh4In0.t9_VUFT_SiRtiPcLOoXmub-yoQdFcqo1VMG3tubkJ7B_4MqKaQeE7JV1SkzC8YSXhPTteTsKk57b8C9ZW-61pQ
2020-12-04 13:50:57.384  WARN 9432 --- [http-nio-8888-exec-2] c.s.g.s.c.e.aop.GlobalExceptionHandler   : Missing Request Parameter

org.springframework.web.bind.MissingServletRequestParameterException: Required String parameter 'userId' is not present
	at org.springframework.web.method.annotation.RequestParamMethodArgumentResolver.handleMissingValue(RequestParamMethodArgumentResolver.java:202)
	at org.springframework.web.method.annotation.AbstractNamedValueMethodArgumentResolver.resolveArgument(AbstractNamedValueMethodArgumentResolver.java:113)
	at org.springframework.web.method.support.HandlerMethodArgumentResolverComposite.resolveArgument(HandlerMethodArgumentResolverComposite.java:126)
	at org.springframework.web.method.support.InvocableHandlerMethod.getMethodArgumentValues(InvocableHandlerMethod.java:167)
	at org.springframework.web.method.support.InvocableHandlerMethod.invokeForRequest(InvocableHandlerMethod.java:134)
	at org.springframework.web.servlet.mvc.method.annotation.ServletInvocableHandlerMethod.invokeAndHandle(ServletInvocableHandlerMethod.java:104)
	at org.springframework.web.servlet.mvc.method.annotation.RequestMappingHandlerAdapter.invokeHandlerMethod(RequestMappingHandlerAdapter.java:892)
	at org.springframework.web.servlet.mvc.method.annotation.RequestMappingHandlerAdapter.handleInternal(RequestMappingHandlerAdapter.java:797)
	at org.springframework.web.servlet.mvc.method.AbstractHandlerMethodAdapter.handle(AbstractHandlerMethodAdapter.java:87)
	at org.springframework.web.servlet.DispatcherServlet.doDispatch(DispatcherServlet.java:1039)
	at org.springframework.web.servlet.DispatcherServlet.doService(DispatcherServlet.java:942)
	at org.springframework.web.servlet.FrameworkServlet.processRequest(FrameworkServlet.java:1005)
	at org.springframework.web.servlet.FrameworkServlet.doPost(FrameworkServlet.java:908)
	at javax.servlet.http.HttpServlet.service(HttpServlet.java:660)
	at org.springframework.web.servlet.FrameworkServlet.service(FrameworkServlet.java:882)
	at javax.servlet.http.HttpServlet.service(HttpServlet.java:741)
	at org.apache.catalina.core.ApplicationFilterChain.internalDoFilter(ApplicationFilterChain.java:231)
	at org.apache.catalina.core.ApplicationFilterChain.doFilter(ApplicationFilterChain.java:166)
	at org.apache.tomcat.websocket.server.WsFilter.doFilter(WsFilter.java:53)
	at org.apache.catalina.core.ApplicationFilterChain.internalDoFilter(ApplicationFilterChain.java:193)
	at org.apache.catalina.core.ApplicationFilterChain.doFilter(ApplicationFilterChain.java:166)
	at org.springframework.web.filter.OncePerRequestFilter.doFilter(OncePerRequestFilter.java:103)
	at org.apache.catalina.core.ApplicationFilterChain.internalDoFilter(ApplicationFilterChain.java:193)
	at org.apache.catalina.core.ApplicationFilterChain.doFilter(ApplicationFilterChain.java:166)
	at cn.stylefeng.roses.core.xss.XssFilter.doFilter(XssFilter.java:31)
	at org.apache.catalina.core.ApplicationFilterChain.internalDoFilter(ApplicationFilterChain.java:193)
	at org.apache.catalina.core.ApplicationFilterChain.doFilter(ApplicationFilterChain.java:166)
	at com.alibaba.druid.support.http.WebStatFilter.doFilter(WebStatFilter.java:124)
	at org.apache.catalina.core.ApplicationFilterChain.internalDoFilter(ApplicationFilterChain.java:193)
	at org.apache.catalina.core.ApplicationFilterChain.doFilter(ApplicationFilterChain.java:166)
	at org.springframework.security.web.FilterChainProxy$VirtualFilterChain.doFilter(FilterChainProxy.java:320)
	at org.springframework.security.web.access.intercept.FilterSecurityInterceptor.invoke(FilterSecurityInterceptor.java:127)
	at org.springframework.security.web.access.intercept.FilterSecurityInterceptor.doFilter(FilterSecurityInterceptor.java:91)
	at org.springframework.security.web.FilterChainProxy$VirtualFilterChain.doFilter(FilterChainProxy.java:334)
	at org.springframework.security.web.access.ExceptionTranslationFilter.doFilter(ExceptionTranslationFilter.java:119)
	at org.springframework.security.web.FilterChainProxy$VirtualFilterChain.doFilter(FilterChainProxy.java:334)
	at org.springframework.security.web.session.SessionManagementFilter.doFilter(SessionManagementFilter.java:137)
	at org.springframework.security.web.FilterChainProxy$VirtualFilterChain.doFilter(FilterChainProxy.java:334)
	at org.springframework.security.web.authentication.AnonymousAuthenticationFilter.doFilter(AnonymousAuthenticationFilter.java:111)
	at org.springframework.security.web.FilterChainProxy$VirtualFilterChain.doFilter(FilterChainProxy.java:334)
	at org.springframework.security.web.servletapi.SecurityContextHolderAwareRequestFilter.doFilter(SecurityContextHolderAwareRequestFilter.java:170)
	at org.springframework.security.web.FilterChainProxy$VirtualFilterChain.doFilter(FilterChainProxy.java:334)
	at org.springframework.security.web.savedrequest.RequestCacheAwareFilter.doFilter(RequestCacheAwareFilter.java:63)
	at org.springframework.security.web.FilterChainProxy$VirtualFilterChain.doFilter(FilterChainProxy.java:334)
	at cn.stylefeng.guns.sys.core.auth.filter.JwtAuthorizationTokenFilter.doFilterInternal(JwtAuthorizationTokenFilter.java:78)
	at org.springframework.web.filter.OncePerRequestFilter.doFilter(OncePerRequestFilter.java:109)
	at org.springframework.security.web.FilterChainProxy$VirtualFilterChain.doFilter(FilterChainProxy.java:334)
	at org.springframework.web.filter.CorsFilter.doFilterInternal(CorsFilter.java:96)
	at org.springframework.web.filter.OncePerRequestFilter.doFilter(OncePerRequestFilter.java:109)
	at org.springframework.security.web.FilterChainProxy$VirtualFilterChain.doFilter(FilterChainProxy.java:334)
	at org.springframework.security.web.header.HeaderWriterFilter.doFilterInternal(HeaderWriterFilter.java:74)
	at org.springframework.web.filter.OncePerRequestFilter.doFilter(OncePerRequestFilter.java:109)
	at org.springframework.security.web.FilterChainProxy$VirtualFilterChain.doFilter(FilterChainProxy.java:334)
	at org.springframework.security.web.context.SecurityContextPersistenceFilter.doFilter(SecurityContextPersistenceFilter.java:105)
	at org.springframework.security.web.FilterChainProxy$VirtualFilterChain.doFilter(FilterChainProxy.java:334)
	at org.springframework.security.web.context.request.async.WebAsyncManagerIntegrationFilter.doFilterInternal(WebAsyncManagerIntegrationFilter.java:56)
	at org.springframework.web.filter.OncePerRequestFilter.doFilter(OncePerRequestFilter.java:109)
	at org.springframework.security.web.FilterChainProxy$VirtualFilterChain.doFilter(FilterChainProxy.java:334)
	at org.springframework.security.web.FilterChainProxy.doFilterInternal(FilterChainProxy.java:215)
	at org.springframework.security.web.FilterChainProxy.doFilter(FilterChainProxy.java:178)
	at org.springframework.web.filter.DelegatingFilterProxy.invokeDelegate(DelegatingFilterProxy.java:357)
	at org.springframework.web.filter.DelegatingFilterProxy.doFilter(DelegatingFilterProxy.java:270)
	at org.apache.catalina.core.ApplicationFilterChain.internalDoFilter(ApplicationFilterChain.java:193)
	at org.apache.catalina.core.ApplicationFilterChain.doFilter(ApplicationFilterChain.java:166)
	at org.springframework.web.filter.RequestContextFilter.doFilterInternal(RequestContextFilter.java:99)
	at org.springframework.web.filter.OncePerRequestFilter.doFilter(OncePerRequestFilter.java:109)
	at org.apache.catalina.core.ApplicationFilterChain.internalDoFilter(ApplicationFilterChain.java:193)
	at org.apache.catalina.core.ApplicationFilterChain.doFilter(ApplicationFilterChain.java:166)
	at org.springframework.web.filter.FormContentFilter.doFilterInternal(FormContentFilter.java:92)
	at org.springframework.web.filter.OncePerRequestFilter.doFilter(OncePerRequestFilter.java:109)
	at org.apache.catalina.core.ApplicationFilterChain.internalDoFilter(ApplicationFilterChain.java:193)
	at org.apache.catalina.core.ApplicationFilterChain.doFilter(ApplicationFilterChain.java:166)
	at org.springframework.web.filter.HiddenHttpMethodFilter.doFilterInternal(HiddenHttpMethodFilter.java:93)
	at org.springframework.web.filter.OncePerRequestFilter.doFilter(OncePerRequestFilter.java:109)
	at org.apache.catalina.core.ApplicationFilterChain.internalDoFilter(ApplicationFilterChain.java:193)
	at org.apache.catalina.core.ApplicationFilterChain.doFilter(ApplicationFilterChain.java:166)
	at org.springframework.web.filter.CharacterEncodingFilter.doFilterInternal(CharacterEncodingFilter.java:200)
	at org.springframework.web.filter.OncePerRequestFilter.doFilter(OncePerRequestFilter.java:109)
	at org.apache.catalina.core.ApplicationFilterChain.internalDoFilter(ApplicationFilterChain.java:193)
	at org.apache.catalina.core.ApplicationFilterChain.doFilter(ApplicationFilterChain.java:166)
	at org.apache.catalina.core.StandardWrapperValve.invoke(StandardWrapperValve.java:202)
	at org.apache.catalina.core.StandardContextValve.invoke(StandardContextValve.java:96)
	at org.apache.catalina.authenticator.AuthenticatorBase.invoke(AuthenticatorBase.java:490)
	at org.apache.catalina.core.StandardHostValve.invoke(StandardHostValve.java:139)
	at org.apache.catalina.valves.ErrorReportValve.invoke(ErrorReportValve.java:92)
	at org.apache.catalina.core.StandardEngineValve.invoke(StandardEngineValve.java:74)
	at org.apache.catalina.connector.CoyoteAdapter.service(CoyoteAdapter.java:343)
	at org.apache.coyote.http11.Http11Processor.service(Http11Processor.java:408)
	at org.apache.coyote.AbstractProcessorLight.process(AbstractProcessorLight.java:66)
	at org.apache.coyote.AbstractProtocol$ConnectionHandler.process(AbstractProtocol.java:853)
	at org.apache.tomcat.util.net.NioEndpoint$SocketProcessor.doRun(NioEndpoint.java:1587)
	at org.apache.tomcat.util.net.SocketProcessorBase.run(SocketProcessorBase.java:49)
	at java.util.concurrent.ThreadPoolExecutor.runWorker(ThreadPoolExecutor.java:1142)
	at java.util.concurrent.ThreadPoolExecutor$Worker.run(ThreadPoolExecutor.java:617)
	at org.apache.tomcat.util.threads.TaskThread$WrappingRunnable.run(TaskThread.java:61)
	at java.lang.Thread.run(Thread.java:745)

2020-12-04 13:51:21.505  WARN 9432 --- [http-nio-8888-exec-5] c.s.g.s.c.e.aop.GlobalExceptionHandler   : Missing Request Parameter

org.springframework.web.bind.MissingServletRequestParameterException: Required String parameter 'userId' is not present
	at org.springframework.web.method.annotation.RequestParamMethodArgumentResolver.handleMissingValue(RequestParamMethodArgumentResolver.java:202)
	at org.springframework.web.method.annotation.AbstractNamedValueMethodArgumentResolver.resolveArgument(AbstractNamedValueMethodArgumentResolver.java:113)
	at org.springframework.web.method.support.HandlerMethodArgumentResolverComposite.resolveArgument(HandlerMethodArgumentResolverComposite.java:126)
	at org.springframework.web.method.support.InvocableHandlerMethod.getMethodArgumentValues(InvocableHandlerMethod.java:167)
	at org.springframework.web.method.support.InvocableHandlerMethod.invokeForRequest(InvocableHandlerMethod.java:134)
	at org.springframework.web.servlet.mvc.method.annotation.ServletInvocableHandlerMethod.invokeAndHandle(ServletInvocableHandlerMethod.java:104)
	at org.springframework.web.servlet.mvc.method.annotation.RequestMappingHandlerAdapter.invokeHandlerMethod(RequestMappingHandlerAdapter.java:892)
	at org.springframework.web.servlet.mvc.method.annotation.RequestMappingHandlerAdapter.handleInternal(RequestMappingHandlerAdapter.java:797)
	at org.springframework.web.servlet.mvc.method.AbstractHandlerMethodAdapter.handle(AbstractHandlerMethodAdapter.java:87)
	at org.springframework.web.servlet.DispatcherServlet.doDispatch(DispatcherServlet.java:1039)
	at org.springframework.web.servlet.DispatcherServlet.doService(DispatcherServlet.java:942)
	at org.springframework.web.servlet.FrameworkServlet.processRequest(FrameworkServlet.java:1005)
	at org.springframework.web.servlet.FrameworkServlet.doGet(FrameworkServlet.java:897)
	at javax.servlet.http.HttpServlet.service(HttpServlet.java:634)
	at org.springframework.web.servlet.FrameworkServlet.service(FrameworkServlet.java:882)
	at javax.servlet.http.HttpServlet.service(HttpServlet.java:741)
	at org.apache.catalina.core.ApplicationFilterChain.internalDoFilter(ApplicationFilterChain.java:231)
	at org.apache.catalina.core.ApplicationFilterChain.doFilter(ApplicationFilterChain.java:166)
	at org.apache.tomcat.websocket.server.WsFilter.doFilter(WsFilter.java:53)
	at org.apache.catalina.core.ApplicationFilterChain.internalDoFilter(ApplicationFilterChain.java:193)
	at org.apache.catalina.core.ApplicationFilterChain.doFilter(ApplicationFilterChain.java:166)
	at org.springframework.web.filter.OncePerRequestFilter.doFilter(OncePerRequestFilter.java:103)
	at org.apache.catalina.core.ApplicationFilterChain.internalDoFilter(ApplicationFilterChain.java:193)
	at org.apache.catalina.core.ApplicationFilterChain.doFilter(ApplicationFilterChain.java:166)
	at cn.stylefeng.roses.core.xss.XssFilter.doFilter(XssFilter.java:31)
	at org.apache.catalina.core.ApplicationFilterChain.internalDoFilter(ApplicationFilterChain.java:193)
	at org.apache.catalina.core.ApplicationFilterChain.doFilter(ApplicationFilterChain.java:166)
	at com.alibaba.druid.support.http.WebStatFilter.doFilter(WebStatFilter.java:124)
	at org.apache.catalina.core.ApplicationFilterChain.internalDoFilter(ApplicationFilterChain.java:193)
	at org.apache.catalina.core.ApplicationFilterChain.doFilter(ApplicationFilterChain.java:166)
	at org.springframework.security.web.FilterChainProxy$VirtualFilterChain.doFilter(FilterChainProxy.java:320)
	at org.springframework.security.web.access.intercept.FilterSecurityInterceptor.invoke(FilterSecurityInterceptor.java:127)
	at org.springframework.security.web.access.intercept.FilterSecurityInterceptor.doFilter(FilterSecurityInterceptor.java:91)
	at org.springframework.security.web.FilterChainProxy$VirtualFilterChain.doFilter(FilterChainProxy.java:334)
	at org.springframework.security.web.access.ExceptionTranslationFilter.doFilter(ExceptionTranslationFilter.java:119)
	at org.springframework.security.web.FilterChainProxy$VirtualFilterChain.doFilter(FilterChainProxy.java:334)
	at org.springframework.security.web.session.SessionManagementFilter.doFilter(SessionManagementFilter.java:137)
	at org.springframework.security.web.FilterChainProxy$VirtualFilterChain.doFilter(FilterChainProxy.java:334)
	at org.springframework.security.web.authentication.AnonymousAuthenticationFilter.doFilter(AnonymousAuthenticationFilter.java:111)
	at org.springframework.security.web.FilterChainProxy$VirtualFilterChain.doFilter(FilterChainProxy.java:334)
	at org.springframework.security.web.servletapi.SecurityContextHolderAwareRequestFilter.doFilter(SecurityContextHolderAwareRequestFilter.java:170)
	at org.springframework.security.web.FilterChainProxy$VirtualFilterChain.doFilter(FilterChainProxy.java:334)
	at org.springframework.security.web.savedrequest.RequestCacheAwareFilter.doFilter(RequestCacheAwareFilter.java:63)
	at org.springframework.security.web.FilterChainProxy$VirtualFilterChain.doFilter(FilterChainProxy.java:334)
	at cn.stylefeng.guns.sys.core.auth.filter.JwtAuthorizationTokenFilter.doFilterInternal(JwtAuthorizationTokenFilter.java:78)
	at org.springframework.web.filter.OncePerRequestFilter.doFilter(OncePerRequestFilter.java:109)
	at org.springframework.security.web.FilterChainProxy$VirtualFilterChain.doFilter(FilterChainProxy.java:334)
	at org.springframework.web.filter.CorsFilter.doFilterInternal(CorsFilter.java:96)
	at org.springframework.web.filter.OncePerRequestFilter.doFilter(OncePerRequestFilter.java:109)
	at org.springframework.security.web.FilterChainProxy$VirtualFilterChain.doFilter(FilterChainProxy.java:334)
	at org.springframework.security.web.header.HeaderWriterFilter.doFilterInternal(HeaderWriterFilter.java:74)
	at org.springframework.web.filter.OncePerRequestFilter.doFilter(OncePerRequestFilter.java:109)
	at org.springframework.security.web.FilterChainProxy$VirtualFilterChain.doFilter(FilterChainProxy.java:334)
	at org.springframework.security.web.context.SecurityContextPersistenceFilter.doFilter(SecurityContextPersistenceFilter.java:105)
	at org.springframework.security.web.FilterChainProxy$VirtualFilterChain.doFilter(FilterChainProxy.java:334)
	at org.springframework.security.web.context.request.async.WebAsyncManagerIntegrationFilter.doFilterInternal(WebAsyncManagerIntegrationFilter.java:56)
	at org.springframework.web.filter.OncePerRequestFilter.doFilter(OncePerRequestFilter.java:109)
	at org.springframework.security.web.FilterChainProxy$VirtualFilterChain.doFilter(FilterChainProxy.java:334)
	at org.springframework.security.web.FilterChainProxy.doFilterInternal(FilterChainProxy.java:215)
	at org.springframework.security.web.FilterChainProxy.doFilter(FilterChainProxy.java:178)
	at org.springframework.web.filter.DelegatingFilterProxy.invokeDelegate(DelegatingFilterProxy.java:357)
	at org.springframework.web.filter.DelegatingFilterProxy.doFilter(DelegatingFilterProxy.java:270)
	at org.apache.catalina.core.ApplicationFilterChain.internalDoFilter(ApplicationFilterChain.java:193)
	at org.apache.catalina.core.ApplicationFilterChain.doFilter(ApplicationFilterChain.java:166)
	at org.springframework.web.filter.RequestContextFilter.doFilterInternal(RequestContextFilter.java:99)
	at org.springframework.web.filter.OncePerRequestFilter.doFilter(OncePerRequestFilter.java:109)
	at org.apache.catalina.core.ApplicationFilterChain.internalDoFilter(ApplicationFilterChain.java:193)
	at org.apache.catalina.core.ApplicationFilterChain.doFilter(ApplicationFilterChain.java:166)
	at org.springframework.web.filter.FormContentFilter.doFilterInternal(FormContentFilter.java:92)
	at org.springframework.web.filter.OncePerRequestFilter.doFilter(OncePerRequestFilter.java:109)
	at org.apache.catalina.core.ApplicationFilterChain.internalDoFilter(ApplicationFilterChain.java:193)
	at org.apache.catalina.core.ApplicationFilterChain.doFilter(ApplicationFilterChain.java:166)
	at org.springframework.web.filter.HiddenHttpMethodFilter.doFilterInternal(HiddenHttpMethodFilter.java:93)
	at org.springframework.web.filter.OncePerRequestFilter.doFilter(OncePerRequestFilter.java:109)
	at org.apache.catalina.core.ApplicationFilterChain.internalDoFilter(ApplicationFilterChain.java:193)
	at org.apache.catalina.core.ApplicationFilterChain.doFilter(ApplicationFilterChain.java:166)
	at org.springframework.web.filter.CharacterEncodingFilter.doFilterInternal(CharacterEncodingFilter.java:200)
	at org.springframework.web.filter.OncePerRequestFilter.doFilter(OncePerRequestFilter.java:109)
	at org.apache.catalina.core.ApplicationFilterChain.internalDoFilter(ApplicationFilterChain.java:193)
	at org.apache.catalina.core.ApplicationFilterChain.doFilter(ApplicationFilterChain.java:166)
	at org.apache.catalina.core.StandardWrapperValve.invoke(StandardWrapperValve.java:202)
	at org.apache.catalina.core.StandardContextValve.invoke(StandardContextValve.java:96)
	at org.apache.catalina.authenticator.AuthenticatorBase.invoke(AuthenticatorBase.java:490)
	at org.apache.catalina.core.StandardHostValve.invoke(StandardHostValve.java:139)
	at org.apache.catalina.valves.ErrorReportValve.invoke(ErrorReportValve.java:92)
	at org.apache.catalina.core.StandardEngineValve.invoke(StandardEngineValve.java:74)
	at org.apache.catalina.connector.CoyoteAdapter.service(CoyoteAdapter.java:343)
	at org.apache.coyote.http11.Http11Processor.service(Http11Processor.java:408)
	at org.apache.coyote.AbstractProcessorLight.process(AbstractProcessorLight.java:66)
	at org.apache.coyote.AbstractProtocol$ConnectionHandler.process(AbstractProtocol.java:853)
	at org.apache.tomcat.util.net.NioEndpoint$SocketProcessor.doRun(NioEndpoint.java:1587)
	at org.apache.tomcat.util.net.SocketProcessorBase.run(SocketProcessorBase.java:49)
	at java.util.concurrent.ThreadPoolExecutor.runWorker(ThreadPoolExecutor.java:1142)
	at java.util.concurrent.ThreadPoolExecutor$Worker.run(ThreadPoolExecutor.java:617)
	at org.apache.tomcat.util.threads.TaskThread$WrappingRunnable.run(TaskThread.java:61)
	at java.lang.Thread.run(Thread.java:745)

2020-12-04 15:32:59.119  INFO 9432 --- [Thread-47] org.quartz.core.QuartzScheduler          : Scheduler quartzScheduler_$_NON_CLUSTERED paused.
2020-12-04 15:32:59.120  INFO 9432 --- [Thread-47] o.s.s.quartz.SchedulerFactoryBean        : Shutting down Quartz Scheduler
2020-12-04 15:32:59.120  INFO 9432 --- [Thread-47] org.quartz.core.QuartzScheduler          : Scheduler quartzScheduler_$_NON_CLUSTERED shutting down.
2020-12-04 15:32:59.120  INFO 9432 --- [Thread-47] org.quartz.core.QuartzScheduler          : Scheduler quartzScheduler_$_NON_CLUSTERED paused.
2020-12-04 15:32:59.121  INFO 9432 --- [Thread-47] org.quartz.core.QuartzScheduler          : Scheduler quartzScheduler_$_NON_CLUSTERED shutdown complete.
2020-12-04 15:32:59.125  INFO 9432 --- [Thread-47] o.s.s.concurrent.ThreadPoolTaskExecutor  : Shutting down ExecutorService 'applicationTaskExecutor'
2020-12-04 15:32:59.131  INFO 9432 --- [Thread-47] c.a.icatch.imp.TransactionServiceImp     : Transaction Service: Entering shutdown (false, 9223372036854775807)...
2020-12-04 15:32:59.140  INFO 9432 --- [Thread-47] c.a.datasource.pool.ConnectionPool       : atomikos connection pool 'master': destroying pool...
2020-12-04 15:32:59.140  WARN 9432 --- [Thread-47] c.a.datasource.pool.ConnectionPool       : atomikos connection pool 'master': connection is still in use on pool destroy: an AtomikosXAPooledConnection with a SessionHandleState with 1 context(s) - please check your shutdown sequence to avoid heuristic termination of ongoing transactions!
2020-12-04 15:33:07.488  INFO 12704 --- [main] cn.stylefeng.guns.GunsApplication        : Starting GunsApplication on MS-OYADLGCFOJWG with PID 12704 (E:\svn\data\server-master\guns-vip-main\target\classes started by Administrator in E:\svn\data\server-master)
2020-12-04 15:33:07.491  INFO 12704 --- [main] cn.stylefeng.guns.GunsApplication        : The following profiles are active: dev
2020-12-04 15:33:09.534  INFO 12704 --- [main] trationDelegate$BeanPostProcessorChecker : Bean 'webConfig' of type [cn.stylefeng.guns.config.web.WebConfig$$EnhancerBySpringCGLIB$$f9265bb] is not eligible for getting processed by all BeanPostProcessors (for example: not eligible for auto-proxying)
2020-12-04 15:33:09.600  INFO 12704 --- [main] trationDelegate$BeanPostProcessorChecker : Bean 'druidStatPointcut' of type [org.springframework.aop.support.JdkRegexpMethodPointcut] is not eligible for getting processed by all BeanPostProcessors (for example: not eligible for auto-proxying)
2020-12-04 15:33:09.606  INFO 12704 --- [main] trationDelegate$BeanPostProcessorChecker : Bean 'druidStatInterceptor' of type [com.alibaba.druid.support.spring.stat.DruidStatInterceptor] is not eligible for getting processed by all BeanPostProcessors (for example: not eligible for auto-proxying)
2020-12-04 15:33:09.606  INFO 12704 --- [main] trationDelegate$BeanPostProcessorChecker : Bean 'druidStatAdvisor' of type [org.springframework.aop.support.DefaultPointcutAdvisor] is not eligible for getting processed by all BeanPostProcessors (for example: not eligible for auto-proxying)
2020-12-04 15:33:09.720  INFO 12704 --- [main] trationDelegate$BeanPostProcessorChecker : Bean 'org.springframework.transaction.annotation.ProxyTransactionManagementConfiguration' of type [org.springframework.transaction.annotation.ProxyTransactionManagementConfiguration$$EnhancerBySpringCGLIB$$a4f4c313] is not eligible for getting processed by all BeanPostProcessors (for example: not eligible for auto-proxying)
2020-12-04 15:33:09.856  INFO 12704 --- [main] trationDelegate$BeanPostProcessorChecker : Bean 'org.springframework.security.config.annotation.configuration.ObjectPostProcessorConfiguration' of type [org.springframework.security.config.annotation.configuration.ObjectPostProcessorConfiguration$$EnhancerBySpringCGLIB$$3da28b4d] is not eligible for getting processed by all BeanPostProcessors (for example: not eligible for auto-proxying)
2020-12-04 15:33:09.862  INFO 12704 --- [main] trationDelegate$BeanPostProcessorChecker : Bean 'objectPostProcessor' of type [org.springframework.security.config.annotation.configuration.AutowireBeanFactoryObjectPostProcessor] is not eligible for getting processed by all BeanPostProcessors (for example: not eligible for auto-proxying)
2020-12-04 15:33:09.866  INFO 12704 --- [main] trationDelegate$BeanPostProcessorChecker : Bean 'org.springframework.security.access.expression.method.DefaultMethodSecurityExpressionHandler@6fb0261e' of type [org.springframework.security.access.expression.method.DefaultMethodSecurityExpressionHandler] is not eligible for getting processed by all BeanPostProcessors (for example: not eligible for auto-proxying)
2020-12-04 15:33:09.869  INFO 12704 --- [main] trationDelegate$BeanPostProcessorChecker : Bean 'org.springframework.security.config.annotation.method.configuration.GlobalMethodSecurityConfiguration' of type [org.springframework.security.config.annotation.method.configuration.GlobalMethodSecurityConfiguration$$EnhancerBySpringCGLIB$$62772dff] is not eligible for getting processed by all BeanPostProcessors (for example: not eligible for auto-proxying)
2020-12-04 15:33:09.877  INFO 12704 --- [main] trationDelegate$BeanPostProcessorChecker : Bean 'methodSecurityMetadataSource' of type [org.springframework.security.access.method.DelegatingMethodSecurityMetadataSource] is not eligible for getting processed by all BeanPostProcessors (for example: not eligible for auto-proxying)
2020-12-04 15:33:10.232  INFO 12704 --- [main] o.s.b.w.embedded.tomcat.TomcatWebServer  : Tomcat initialized with port(s): 8888 (http)
2020-12-04 15:33:10.255  INFO 12704 --- [main] o.apache.catalina.core.StandardService   : Starting service [Tomcat]
2020-12-04 15:33:10.255  INFO 12704 --- [main] org.apache.catalina.core.StandardEngine  : Starting Servlet engine: [Apache Tomcat/9.0.21]
2020-12-04 15:33:10.406  INFO 12704 --- [main] o.a.c.c.C.[Tomcat].[localhost].[/]       : Initializing Spring embedded WebApplicationContext
2020-12-04 15:33:10.406  INFO 12704 --- [main] o.s.web.context.ContextLoader            : Root WebApplicationContext: initialization completed in 2667 ms
2020-12-04 15:33:10.726  INFO 12704 --- [main] c.a.icatch.provider.imp.AssemblerImp     : Loaded jar:file:/E:/maven/MavenRepository/com/atomikos/transactions/4.0.6/transactions-4.0.6.jar!/transactions-defaults.properties
2020-12-04 15:33:10.731  WARN 12704 --- [main] c.a.icatch.provider.imp.AssemblerImp     : Thanks for using Atomikos! Evaluate http://www.atomikos.com/Main/ExtremeTransactions for advanced features and professional support
or register at http://www.atomikos.com/Main/RegisterYourDownload to disable this message and receive FREE tips & advice
2020-12-04 15:33:10.736  INFO 12704 --- [main] c.a.icatch.provider.imp.AssemblerImp     : USING: com.atomikos.icatch.default_max_wait_time_on_shutdown = 9223372036854775807
2020-12-04 15:33:10.736  INFO 12704 --- [main] c.a.icatch.provider.imp.AssemblerImp     : USING: com.atomikos.icatch.allow_subtransactions = true
2020-12-04 15:33:10.736  INFO 12704 --- [main] c.a.icatch.provider.imp.AssemblerImp     : USING: com.atomikos.icatch.recovery_delay = 10000
2020-12-04 15:33:10.736  INFO 12704 --- [main] c.a.icatch.provider.imp.AssemblerImp     : USING: com.atomikos.icatch.automatic_resource_registration = true
2020-12-04 15:33:10.736  INFO 12704 --- [main] c.a.icatch.provider.imp.AssemblerImp     : USING: com.atomikos.icatch.oltp_max_retries = 5
2020-12-04 15:33:10.736  INFO 12704 --- [main] c.a.icatch.provider.imp.AssemblerImp     : USING: com.atomikos.icatch.client_demarcation = false
2020-12-04 15:33:10.736  INFO 12704 --- [main] c.a.icatch.provider.imp.AssemblerImp     : USING: com.atomikos.icatch.threaded_2pc = false
2020-12-04 15:33:10.736  INFO 12704 --- [main] c.a.icatch.provider.imp.AssemblerImp     : USING: com.atomikos.icatch.serial_jta_transactions = true
2020-12-04 15:33:10.736  INFO 12704 --- [main] c.a.icatch.provider.imp.AssemblerImp     : USING: com.atomikos.icatch.log_base_dir = E:\svn\data\server-master\transaction-logs
2020-12-04 15:33:10.736  INFO 12704 --- [main] c.a.icatch.provider.imp.AssemblerImp     : USING: com.atomikos.icatch.rmi_export_class = none
2020-12-04 15:33:10.736  INFO 12704 --- [main] c.a.icatch.provider.imp.AssemblerImp     : USING: com.atomikos.icatch.max_actives = -1
2020-12-04 15:33:10.736  INFO 12704 --- [main] c.a.icatch.provider.imp.AssemblerImp     : USING: com.atomikos.icatch.checkpoint_interval = 500
2020-12-04 15:33:10.736  INFO 12704 --- [main] c.a.icatch.provider.imp.AssemblerImp     : USING: com.atomikos.icatch.enable_logging = true
2020-12-04 15:33:10.736  INFO 12704 --- [main] c.a.icatch.provider.imp.AssemblerImp     : USING: com.atomikos.icatch.log_base_name = tmlog
2020-12-04 15:33:10.737  INFO 12704 --- [main] c.a.icatch.provider.imp.AssemblerImp     : USING: com.atomikos.icatch.max_timeout = 300000
2020-12-04 15:33:10.737  INFO 12704 --- [main] c.a.icatch.provider.imp.AssemblerImp     : USING: com.atomikos.icatch.trust_client_tm = false
2020-12-04 15:33:10.737  INFO 12704 --- [main] c.a.icatch.provider.imp.AssemblerImp     : USING: java.naming.factory.initial = com.sun.jndi.rmi.registry.RegistryContextFactory
2020-12-04 15:33:10.737  INFO 12704 --- [main] c.a.icatch.provider.imp.AssemblerImp     : USING: com.atomikos.icatch.tm_unique_name = 192.168.1.181.tm
2020-12-04 15:33:10.737  INFO 12704 --- [main] c.a.icatch.provider.imp.AssemblerImp     : USING: com.atomikos.icatch.forget_orphaned_log_entries_delay = 86400000
2020-12-04 15:33:10.737  INFO 12704 --- [main] c.a.icatch.provider.imp.AssemblerImp     : USING: com.atomikos.icatch.oltp_retry_interval = 10000
2020-12-04 15:33:10.737  INFO 12704 --- [main] c.a.icatch.provider.imp.AssemblerImp     : USING: java.naming.provider.url = rmi://localhost:1099
2020-12-04 15:33:10.737  INFO 12704 --- [main] c.a.icatch.provider.imp.AssemblerImp     : USING: com.atomikos.icatch.force_shutdown_on_vm_exit = false
2020-12-04 15:33:10.737  INFO 12704 --- [main] c.a.icatch.provider.imp.AssemblerImp     : USING: com.atomikos.icatch.default_jta_timeout = 10000
2020-12-04 15:33:10.738  INFO 12704 --- [main] c.a.icatch.provider.imp.AssemblerImp     : Using default (local) logging and recovery...
2020-12-04 15:33:10.898  INFO 12704 --- [main] com.alibaba.druid.pool.DruidDataSource   : {dataSource-1} inited
2020-12-04 15:33:10.906  INFO 12704 --- [main] c.a.d.xa.XATransactionalResource         : master: refreshed XAResource
2020-12-04 15:33:13.207  INFO 12704 --- [main] c.s.guns.base.db.dao.DataBaseInfoDao     : 删除master的databaseInfo信息！删除1条！
2020-12-04 15:33:13.247  INFO 12704 --- [main] c.s.guns.base.db.dao.DataBaseInfoDao     : 初始化master的databaseInfo信息！初始化1条！
2020-12-04 15:33:13.684  INFO 12704 --- [main] o.s.s.concurrent.ThreadPoolTaskExecutor  : Initializing ExecutorService 'applicationTaskExecutor'
2020-12-04 15:33:15.898  INFO 12704 --- [main] aultActiviti5CompatibilityHandlerFactory : Activiti 5 compatibility handler implementation not found or error during instantiation : org.activiti.compatibility.DefaultActiviti5CompatibilityHandler. Activiti 5 backwards compatibility disabled.
2020-12-04 15:33:16.066  INFO 12704 --- [main] o.a.engine.impl.ProcessEngineImpl        : ProcessEngine default created
2020-12-04 15:33:16.876  INFO 12704 --- [main] o.s.s.web.DefaultSecurityFilterChain     : Creating filter chain: Ant [pattern='/login', POST], []
2020-12-04 15:33:16.876  INFO 12704 --- [main] o.s.s.web.DefaultSecurityFilterChain     : Creating filter chain: Ant [pattern='/assets/**', GET], []
2020-12-04 15:33:16.876  INFO 12704 --- [main] o.s.s.web.DefaultSecurityFilterChain     : Creating filter chain: Ant [pattern='/favicon.ico', GET], []
2020-12-04 15:33:16.876  INFO 12704 --- [main] o.s.s.web.DefaultSecurityFilterChain     : Creating filter chain: Ant [pattern='/activiti-editor/**', GET], []
2020-12-04 15:33:16.876  INFO 12704 --- [main] o.s.s.web.DefaultSecurityFilterChain     : Creating filter chain: Ant [pattern='/accessFile/**', GET], []
2020-12-04 15:33:16.917  INFO 12704 --- [main] pertySourcedRequestMappingHandlerMapping : Mapped URL path [/v2/api-docs] onto method [public org.springframework.http.ResponseEntity<springfox.documentation.spring.web.json.Json> springfox.documentation.swagger2.web.Swagger2Controller.getDocumentation(java.lang.String,javax.servlet.http.HttpServletRequest)]
2020-12-04 15:33:16.985  INFO 12704 --- [main] o.s.s.web.DefaultSecurityFilterChain     : Creating filter chain: any request, [org.springframework.security.web.context.request.async.WebAsyncManagerIntegrationFilter@79d3fb99, org.springframework.security.web.context.SecurityContextPersistenceFilter@12f933c7, org.springframework.security.web.header.HeaderWriterFilter@ab595e8, org.springframework.web.filter.CorsFilter@f4b2d13, cn.stylefeng.guns.sys.core.auth.filter.JwtAuthorizationTokenFilter@3ad847f8, org.springframework.security.web.savedrequest.RequestCacheAwareFilter@531bfe4b, org.springframework.security.web.servletapi.SecurityContextHolderAwareRequestFilter@1dc9e4d2, org.springframework.security.web.authentication.AnonymousAuthenticationFilter@7154a248, org.springframework.security.web.session.SessionManagementFilter@253c7189, org.springframework.security.web.access.ExceptionTranslationFilter@6202f8bf, org.springframework.security.web.access.intercept.FilterSecurityInterceptor@9fc125b]
2020-12-04 15:33:17.576  INFO 12704 --- [main] org.quartz.impl.StdSchedulerFactory      : Using default implementation for ThreadExecutor
2020-12-04 15:33:17.593  INFO 12704 --- [main] org.quartz.core.SchedulerSignalerImpl    : Initialized Scheduler Signaller of type: class org.quartz.core.SchedulerSignalerImpl
2020-12-04 15:33:17.593  INFO 12704 --- [main] org.quartz.core.QuartzScheduler          : Quartz Scheduler v.2.3.1 created.
2020-12-04 15:33:17.594  INFO 12704 --- [main] org.quartz.simpl.RAMJobStore             : RAMJobStore initialized.
2020-12-04 15:33:17.595  INFO 12704 --- [main] org.quartz.core.QuartzScheduler          : Scheduler meta-data: Quartz Scheduler (v2.3.1) 'quartzScheduler' with instanceId 'NON_CLUSTERED'
  Scheduler class: 'org.quartz.core.QuartzScheduler' - running locally.
  NOT STARTED.
  Currently in standby mode.
  Number of jobs executed: 0
  Using thread pool 'org.quartz.simpl.SimpleThreadPool' - with 10 threads.
  Using job-store 'org.quartz.simpl.RAMJobStore' - which does not support persistence. and is not clustered.

2020-12-04 15:33:17.595  INFO 12704 --- [main] org.quartz.impl.StdSchedulerFactory      : Quartz scheduler 'quartzScheduler' initialized from an externally provided properties instance.
2020-12-04 15:33:17.595  INFO 12704 --- [main] org.quartz.impl.StdSchedulerFactory      : Quartz scheduler version: 2.3.1
2020-12-04 15:33:17.596  INFO 12704 --- [main] org.quartz.core.QuartzScheduler          : JobFactory set to: org.springframework.scheduling.quartz.SpringBeanJobFactory@74e111a8
2020-12-04 15:33:17.765  INFO 12704 --- [main] d.s.w.p.DocumentationPluginsBootstrapper : Context refreshed
2020-12-04 15:33:17.783  INFO 12704 --- [main] d.s.w.p.DocumentationPluginsBootstrapper : Found 1 custom documentation plugin(s)
2020-12-04 15:33:17.839  INFO 12704 --- [main] s.d.s.w.s.ApiListingReferenceScanner     : Scanning for api listing references
2020-12-04 15:33:17.995  INFO 12704 --- [main] .d.s.w.r.o.CachingOperationNameGenerator : Generating unique operation named: listUsingPOST_1
2020-12-04 15:33:18.020  INFO 12704 --- [main] o.s.s.quartz.SchedulerFactoryBean        : Starting Quartz Scheduler now
2020-12-04 15:33:18.021  INFO 12704 --- [main] org.quartz.core.QuartzScheduler          : Scheduler quartzScheduler_$_NON_CLUSTERED started.
2020-12-04 15:33:18.058  INFO 12704 --- [main] o.s.b.w.embedded.tomcat.TomcatWebServer  : Tomcat started on port(s): 8888 (http) with context path ''
2020-12-04 15:33:18.062  INFO 12704 --- [main] cn.stylefeng.guns.GunsApplication        : Started GunsApplication in 11.397 seconds (JVM running for 12.373)
2020-12-04 15:33:18.134  INFO 12704 --- [main] c.s.g.s.m.consts.init.SysConfigInit      : 初始化常量17条！
2020-12-04 15:33:18.182  INFO 12704 --- [main] c.s.guns.base.i18n.init.TranslationInit  : 初始化所有的翻译字典457条！
2020-12-04 15:33:18.184  INFO 12704 --- [main] cn.stylefeng.guns.GunsApplication        : GunsApplication is success!
2020-12-04 17:11:17.024  INFO 12704 --- [Thread-25] org.quartz.core.QuartzScheduler          : Scheduler quartzScheduler_$_NON_CLUSTERED paused.
2020-12-04 17:11:17.025  INFO 12704 --- [Thread-25] o.s.s.quartz.SchedulerFactoryBean        : Shutting down Quartz Scheduler
2020-12-04 17:11:17.025  INFO 12704 --- [Thread-25] org.quartz.core.QuartzScheduler          : Scheduler quartzScheduler_$_NON_CLUSTERED shutting down.
2020-12-04 17:11:17.025  INFO 12704 --- [Thread-25] org.quartz.core.QuartzScheduler          : Scheduler quartzScheduler_$_NON_CLUSTERED paused.
2020-12-04 17:11:17.025  INFO 12704 --- [Thread-25] org.quartz.core.QuartzScheduler          : Scheduler quartzScheduler_$_NON_CLUSTERED shutdown complete.
2020-12-04 17:11:17.029  INFO 12704 --- [Thread-25] o.s.s.concurrent.ThreadPoolTaskExecutor  : Shutting down ExecutorService 'applicationTaskExecutor'
2020-12-04 17:11:17.034  INFO 12704 --- [Thread-25] c.a.icatch.imp.TransactionServiceImp     : Transaction Service: Entering shutdown (false, 9223372036854775807)...
2020-12-04 17:11:17.041  INFO 12704 --- [Thread-25] c.a.datasource.pool.ConnectionPool       : atomikos connection pool 'master': destroying pool...
2020-12-04 17:11:17.041  WARN 12704 --- [Thread-25] c.a.datasource.pool.ConnectionPool       : atomikos connection pool 'master': connection is still in use on pool destroy: an AtomikosXAPooledConnection with a SessionHandleState with 1 context(s) - please check your shutdown sequence to avoid heuristic termination of ongoing transactions!
